        -:    0:Source:Collatz.c++
        -:    0:Graph:Collatz.gcno
        -:    0:Data:Collatz.gcda
        -:    0:Runs:1
        -:    0:Programs:1
        -:    1:// ----------------------------
        -:    2:// projects/collatz/Collatz.c++
        -:    3:// Copyright (C) 2016
        -:    4:// Glenn P. Downing
        -:    5:// ----------------------------
        -:    6:
        -:    7:// --------
        -:    8:// includes
        -:    9:// --------
        -:   10:
        -:   11:#include <cassert>  // assert
        -:   12:#include <iostream> // endl, istream, ostream
        -:   13:
        -:   14:#include "Collatz.h"
        -:   15:
        -:   16:using namespace std;
        -:   17:
        -:   18:// ------------
        -:   19:// collatz_read
        -:   20:// ------------
        -:   21:
function _Z12collatz_readRSiRiS0_ called 6 returned 100% blocks executed 100%
        6:   22:bool collatz_read (istream& r, int& i, int& j) {
        6:   23:    if (!(r >> i))
call    0 returned 100%
call    1 returned 100%
branch  2 taken 17% (fallthrough)
branch  3 taken 83%
        1:   24:        return false;
        5:   25:    r >> j;
call    0 returned 100%
        5:   26:    return true;}
        -:   27:
        -:   28:// ------------
        -:   29:// collatz_eval
        -:   30:// ------------
        -:   31:
function _Z12collatz_evalii called 8 returned 100% blocks executed 100%
        8:   32:int collatz_eval (int i, int j) {
        -:   33:    // <your code>
        8:   34:    return 1;}
        -:   35:
        -:   36:// -------------
        -:   37:// collatz_print
        -:   38:// -------------
        -:   39:
function _Z13collatz_printRSoiii called 5 returned 100% blocks executed 100%
        5:   40:void collatz_print (ostream& w, int i, int j, int v) {
        5:   41:    w << i << " " << j << " " << v << endl;}
call    0 returned 100%
call    1 returned 100%
call    2 returned 100%
call    3 returned 100%
call    4 returned 100%
call    5 returned 100%
        -:   42:
        -:   43:// -------------
        -:   44:// collatz_solve
        -:   45:// -------------
        -:   46:
function _Z13collatz_solveRSiRSo called 1 returned 100% blocks executed 100%
        1:   47:void collatz_solve (istream& r, ostream& w) {
        -:   48:    int i;
        -:   49:    int j;
        6:   50:    while (collatz_read(r, i, j)) {
call    0 returned 100%
branch  1 taken 100% (fallthrough)
branch  2 taken 0% (throw)
branch  3 taken 80%
branch  4 taken 20% (fallthrough)
        4:   51:        const int v = collatz_eval(i, j);
call    0 returned 100%
function _GLOBAL__sub_I__Z12collatz_readRSiRiS0_ called 1 returned 100% blocks executed 100%
function _Z41__static_initialization_and_destruction_0ii called 1 returned 100% blocks executed 100%
        8:   52:        collatz_print(w, i, j, v);}}
call    0 returned 100%
branch  1 taken 100% (fallthrough)
branch  2 taken 0%
branch  3 taken 100% (fallthrough)
branch  4 taken 0%
call    5 returned 100%
branch  6 taken 100% (fallthrough)
branch  7 taken 0% (throw)
